#! /usr/bin/vvp
:ivl_version "11.0 (stable)";
:ivl_delay_selection "TYPICAL";
:vpi_time_precision + 0;
:vpi_module "/usr/lib/x86_64-linux-gnu/ivl/system.vpi";
:vpi_module "/usr/lib/x86_64-linux-gnu/ivl/vhdl_sys.vpi";
:vpi_module "/usr/lib/x86_64-linux-gnu/ivl/vhdl_textio.vpi";
:vpi_module "/usr/lib/x86_64-linux-gnu/ivl/v2005_math.vpi";
:vpi_module "/usr/lib/x86_64-linux-gnu/ivl/va_math.vpi";
S_0x55ddd689c180 .scope module, "cryptor_tb" "cryptor_tb" 2 4;
 .timescale 0 0;
v0x55ddd68b1930_0 .var "clk", 0 0;
v0x55ddd68b19d0_0 .var "key", 31 0;
v0x55ddd68b1aa0_0 .var "msg", 31 0;
v0x55ddd68b1ba0_0 .net "out", 31 0, L_0x55ddd68b1c70;  1 drivers
S_0x55ddd689c310 .scope module, "cryptor_mod" "cryptor" 2 13, 3 4 0, S_0x55ddd689c180;
 .timescale 0 0;
    .port_info 0 /INPUT 1 "clk";
    .port_info 1 /INPUT 32 "msg";
    .port_info 2 /INPUT 32 "key";
    .port_info 3 /OUTPUT 32 "out";
L_0x55ddd68b1c70 .functor BUFZ 32, v0x55ddd68b1580_0, C4<00000000000000000000000000000000>, C4<00000000000000000000000000000000>, C4<00000000000000000000000000000000>;
v0x55ddd6863ba0_0 .net "clk", 0 0, v0x55ddd68b1930_0;  1 drivers
v0x55ddd68b12d0_0 .net "key", 31 0, v0x55ddd68b19d0_0;  1 drivers
v0x55ddd68b13b0_0 .net "msg", 31 0, v0x55ddd68b1aa0_0;  1 drivers
v0x55ddd68b14a0_0 .net "out", 31 0, L_0x55ddd68b1c70;  alias, 1 drivers
v0x55ddd68b1580_0 .var "out_reg", 31 0;
E_0x55ddd689adc0 .event posedge, v0x55ddd6863ba0_0;
S_0x55ddd68b1730 .scope task, "display" "display" 2 53, 2 53 0, S_0x55ddd689c180;
 .timescale 0 0;
TD_cryptor_tb.display ;
    %delay 10, 0;
    %vpi_call 2 54 "$display", "\012msg=%b \012key=%b \012out=%b\012", v0x55ddd68b1aa0_0, v0x55ddd68b19d0_0, v0x55ddd68b1ba0_0 {0 0 0};
    %end;
    .scope S_0x55ddd689c310;
T_1 ;
    %wait E_0x55ddd689adc0;
    %load/vec4 v0x55ddd68b13b0_0;
    %load/vec4 v0x55ddd68b12d0_0;
    %xor;
    %assign/vec4 v0x55ddd68b1580_0, 0;
    %jmp T_1;
    .thread T_1;
    .scope S_0x55ddd689c180;
T_2 ;
    %pushi/vec4 0, 0, 1;
    %store/vec4 v0x55ddd68b1930_0, 0, 1;
    %pushi/vec4 0, 0, 32;
    %store/vec4 v0x55ddd68b1aa0_0, 0, 32;
    %pushi/vec4 4294967295, 0, 32;
    %store/vec4 v0x55ddd68b19d0_0, 0, 32;
    %pushi/vec4 1, 0, 1;
    %store/vec4 v0x55ddd68b1930_0, 0, 1;
    %fork TD_cryptor_tb.display, S_0x55ddd68b1730;
    %join;
    %pushi/vec4 0, 0, 1;
    %store/vec4 v0x55ddd68b1930_0, 0, 1;
    %pushi/vec4 4294967295, 0, 32;
    %store/vec4 v0x55ddd68b1aa0_0, 0, 32;
    %pushi/vec4 1, 0, 1;
    %store/vec4 v0x55ddd68b1930_0, 0, 1;
    %fork TD_cryptor_tb.display, S_0x55ddd68b1730;
    %join;
    %pushi/vec4 0, 0, 1;
    %store/vec4 v0x55ddd68b1930_0, 0, 1;
    %pushi/vec4 2863311530, 0, 32;
    %store/vec4 v0x55ddd68b1aa0_0, 0, 32;
    %pushi/vec4 1431655765, 0, 32;
    %store/vec4 v0x55ddd68b19d0_0, 0, 32;
    %pushi/vec4 1, 0, 1;
    %store/vec4 v0x55ddd68b1930_0, 0, 1;
    %fork TD_cryptor_tb.display, S_0x55ddd68b1730;
    %join;
    %pushi/vec4 0, 0, 1;
    %store/vec4 v0x55ddd68b1930_0, 0, 1;
    %pushi/vec4 1431655765, 0, 32;
    %store/vec4 v0x55ddd68b1aa0_0, 0, 32;
    %pushi/vec4 1, 0, 1;
    %store/vec4 v0x55ddd68b1930_0, 0, 1;
    %fork TD_cryptor_tb.display, S_0x55ddd68b1730;
    %join;
    %pushi/vec4 0, 0, 1;
    %store/vec4 v0x55ddd68b1930_0, 0, 1;
    %pushi/vec4 4294967295, 0, 32;
    %store/vec4 v0x55ddd68b1aa0_0, 0, 32;
    %pushi/vec4 1431655765, 0, 32;
    %store/vec4 v0x55ddd68b19d0_0, 0, 32;
    %pushi/vec4 1, 0, 1;
    %store/vec4 v0x55ddd68b1930_0, 0, 1;
    %fork TD_cryptor_tb.display, S_0x55ddd68b1730;
    %join;
    %vpi_call 2 50 "$finish" {0 0 0};
    %end;
    .thread T_2;
# The file index is used to find the file name in the following table.
:file_names 4;
    "N/A";
    "<interactive>";
    "cryptor_tb.v";
    "cryptor.v";
