#! /usr/bin/vvp
:ivl_version "11.0 (stable)";
:ivl_delay_selection "TYPICAL";
:vpi_time_precision + 0;
:vpi_module "/usr/lib/x86_64-linux-gnu/ivl/system.vpi";
:vpi_module "/usr/lib/x86_64-linux-gnu/ivl/vhdl_sys.vpi";
:vpi_module "/usr/lib/x86_64-linux-gnu/ivl/vhdl_textio.vpi";
:vpi_module "/usr/lib/x86_64-linux-gnu/ivl/v2005_math.vpi";
:vpi_module "/usr/lib/x86_64-linux-gnu/ivl/va_math.vpi";
S_0x565145f805c0 .scope module, "dflipflop_testbench" "dflipflop_testbench" 2 5;
 .timescale 0 0;
v0x565145f927e0_0 .var "clk", 0 0;
v0x565145f92880_0 .var "d", 0 0;
v0x565145f92950_0 .net "q", 0 0, v0x565145f923a0_0;  1 drivers
v0x565145f92a50_0 .var "reset", 0 0;
S_0x565145f80750 .scope module, "dff" "DFF" 2 12, 3 1 0, S_0x565145f805c0;
 .timescale 0 0;
    .port_info 0 /INPUT 1 "clk";
    .port_info 1 /INPUT 1 "reset";
    .port_info 2 /INPUT 1 "d";
    .port_info 3 /OUTPUT 1 "q";
v0x565145f48ba0_0 .net "clk", 0 0, v0x565145f927e0_0;  1 drivers
v0x565145f922e0_0 .net "d", 0 0, v0x565145f92880_0;  1 drivers
v0x565145f923a0_0 .var "q", 0 0;
v0x565145f92470_0 .net "reset", 0 0, v0x565145f92a50_0;  1 drivers
E_0x565145f471f0 .event posedge, v0x565145f92470_0, v0x565145f48ba0_0;
S_0x565145f925e0 .scope task, "display" "display" 2 32, 2 32 0, S_0x565145f805c0;
 .timescale 0 0;
TD_dflipflop_testbench.display ;
    %vpi_call 2 33 "$display", "clk=%b, d=%b, q=%b", v0x565145f927e0_0, v0x565145f92880_0, v0x565145f92950_0 {0 0 0};
    %end;
    .scope S_0x565145f80750;
T_1 ;
    %wait E_0x565145f471f0;
    %load/vec4 v0x565145f92470_0;
    %flag_set/vec4 8;
    %jmp/0xz  T_1.0, 8;
    %pushi/vec4 0, 0, 1;
    %assign/vec4 v0x565145f923a0_0, 0;
    %jmp T_1.1;
T_1.0 ;
    %load/vec4 v0x565145f922e0_0;
    %assign/vec4 v0x565145f923a0_0, 0;
T_1.1 ;
    %jmp T_1;
    .thread T_1;
    .scope S_0x565145f805c0;
T_2 ;
    %pushi/vec4 0, 0, 1;
    %store/vec4 v0x565145f927e0_0, 0, 1;
    %pushi/vec4 0, 0, 1;
    %store/vec4 v0x565145f92880_0, 0, 1;
    %fork TD_dflipflop_testbench.display, S_0x565145f925e0;
    %join;
    %delay 10, 0;
    %pushi/vec4 1, 0, 1;
    %store/vec4 v0x565145f92880_0, 0, 1;
    %fork TD_dflipflop_testbench.display, S_0x565145f925e0;
    %join;
    %pushi/vec4 1, 0, 1;
    %store/vec4 v0x565145f927e0_0, 0, 1;
    %fork TD_dflipflop_testbench.display, S_0x565145f925e0;
    %join;
    %pushi/vec4 0, 0, 1;
    %store/vec4 v0x565145f92880_0, 0, 1;
    %fork TD_dflipflop_testbench.display, S_0x565145f925e0;
    %join;
    %delay 10, 0;
    %pushi/vec4 1, 0, 1;
    %store/vec4 v0x565145f92880_0, 0, 1;
    %fork TD_dflipflop_testbench.display, S_0x565145f925e0;
    %join;
    %end;
    .thread T_2;
# The file index is used to find the file name in the following table.
:file_names 4;
    "N/A";
    "<interactive>";
    "dflipflop_testbench.v";
    "dflipflop.sv";
