#! /usr/bin/vvp
:ivl_version "11.0 (stable)";
:ivl_delay_selection "TYPICAL";
:vpi_time_precision + 0;
:vpi_module "/usr/lib/x86_64-linux-gnu/ivl/system.vpi";
:vpi_module "/usr/lib/x86_64-linux-gnu/ivl/vhdl_sys.vpi";
:vpi_module "/usr/lib/x86_64-linux-gnu/ivl/vhdl_textio.vpi";
:vpi_module "/usr/lib/x86_64-linux-gnu/ivl/v2005_math.vpi";
:vpi_module "/usr/lib/x86_64-linux-gnu/ivl/va_math.vpi";
S_0x562fb3269950 .scope module, "shifter_tb" "shifter_tb" 2 5;
 .timescale 0 0;
v0x562fb327dc50_0 .var "clk", 0 0;
v0x562fb327dd10_0 .var "initial_msg", 31 0;
v0x562fb327dde0_0 .var "load", 0 0;
v0x562fb327dee0_0 .net "out", 3 0, L_0x562fb327dfb0;  1 drivers
E_0x562fb32673e0 .event posedge, v0x562fb3269ce0_0;
S_0x562fb3269ae0 .scope module, "uut" "shifter" 2 16, 3 4 0, S_0x562fb3269950;
 .timescale 0 0;
    .port_info 0 /INPUT 1 "clk";
    .port_info 1 /INPUT 1 "load";
    .port_info 2 /INPUT 32 "initial_msg";
    .port_info 3 /OUTPUT 4 "out";
L_0x562fb327dfb0 .functor BUFZ 4, v0x562fb327d9c0_0, C4<0000>, C4<0000>, C4<0000>;
v0x562fb3269ce0_0 .net "clk", 0 0, v0x562fb327dc50_0;  1 drivers
v0x562fb327d730_0 .net "initial_msg", 31 0, v0x562fb327dd10_0;  1 drivers
v0x562fb327d810_0 .net "load", 0 0, v0x562fb327dde0_0;  1 drivers
v0x562fb327d8e0_0 .net "out", 3 0, L_0x562fb327dfb0;  alias, 1 drivers
v0x562fb327d9c0_0 .var "out_reg", 3 0;
v0x562fb327daf0_0 .var "shift_reg", 31 0;
E_0x562fb3267800 .event posedge, v0x562fb327d810_0, v0x562fb3269ce0_0;
    .scope S_0x562fb3269ae0;
T_0 ;
    %wait E_0x562fb3267800;
    %load/vec4 v0x562fb327d810_0;
    %flag_set/vec4 8;
    %jmp/0xz  T_0.0, 8;
    %load/vec4 v0x562fb327d730_0;
    %parti/s 4, 28, 6;
    %assign/vec4 v0x562fb327d9c0_0, 0;
    %load/vec4 v0x562fb327d730_0;
    %assign/vec4 v0x562fb327daf0_0, 0;
    %jmp T_0.1;
T_0.0 ;
    %load/vec4 v0x562fb327daf0_0;
    %parti/s 4, 28, 6;
    %assign/vec4 v0x562fb327d9c0_0, 0;
    %load/vec4 v0x562fb327daf0_0;
    %parti/s 29, 0, 2;
    %concati/vec4 0, 0, 4;
    %pad/u 32;
    %assign/vec4 v0x562fb327daf0_0, 0;
T_0.1 ;
    %jmp T_0;
    .thread T_0;
    .scope S_0x562fb3269950;
T_1 ;
    %pushi/vec4 0, 0, 1;
    %store/vec4 v0x562fb327dc50_0, 0, 1;
    %pushi/vec4 0, 0, 1;
    %store/vec4 v0x562fb327dde0_0, 0, 1;
    %pushi/vec4 2882400001, 0, 32;
    %store/vec4 v0x562fb327dd10_0, 0, 32;
    %pushi/vec4 1, 0, 1;
    %store/vec4 v0x562fb327dde0_0, 0, 1;
    %delay 20, 0;
    %pushi/vec4 0, 0, 1;
    %store/vec4 v0x562fb327dde0_0, 0, 1;
    %pushi/vec4 100, 0, 32;
T_1.0 %dup/vec4;
    %pushi/vec4 0, 0, 32;
    %cmp/s;
    %jmp/1xz T_1.1, 5;
    %jmp/1 T_1.1, 4;
    %pushi/vec4 1, 0, 32;
    %sub;
    %delay 10, 0;
    %jmp T_1.0;
T_1.1 ;
    %pop/vec4 1;
    %vpi_call 2 38 "$finish" {0 0 0};
    %end;
    .thread T_1;
    .scope S_0x562fb3269950;
T_2 ;
    %delay 10, 0;
    %load/vec4 v0x562fb327dc50_0;
    %inv;
    %store/vec4 v0x562fb327dc50_0, 0, 1;
    %jmp T_2;
    .thread T_2;
    .scope S_0x562fb3269950;
T_3 ;
    %wait E_0x562fb32673e0;
    %vpi_call 2 45 "$display", "load=%b, out=%h, out=%b, initial_msg=%h, initial_msg=%b", v0x562fb327dde0_0, v0x562fb327dee0_0, v0x562fb327dee0_0, v0x562fb327dd10_0, v0x562fb327dd10_0 {0 0 0};
    %jmp T_3;
    .thread T_3;
# The file index is used to find the file name in the following table.
:file_names 4;
    "N/A";
    "<interactive>";
    "shifter_tb.v";
    "shifter.v";
