#! /usr/bin/vvp
:ivl_version "11.0 (stable)";
:ivl_delay_selection "TYPICAL";
:vpi_time_precision - 12;
:vpi_module "/usr/lib/x86_64-linux-gnu/ivl/system.vpi";
:vpi_module "/usr/lib/x86_64-linux-gnu/ivl/vhdl_sys.vpi";
:vpi_module "/usr/lib/x86_64-linux-gnu/ivl/vhdl_textio.vpi";
:vpi_module "/usr/lib/x86_64-linux-gnu/ivl/v2005_math.vpi";
:vpi_module "/usr/lib/x86_64-linux-gnu/ivl/va_math.vpi";
S_0x55746d0bca20 .scope module, "test" "test" 2 32;
 .timescale -9 -12;
v0x55746d0def00_0 .var "clk", 0 0;
v0x55746d0df010_0 .var/i "i", 31 0;
v0x55746d0df0f0_0 .var "in", 0 31;
v0x55746d0df1b0_0 .var/i "n", 31 0;
v0x55746d0df290_0 .var "reset", 0 0;
v0x55746d0df3d0_0 .var "x", 0 0;
v0x55746d0df4c0_0 .net "z_mealy", 0 0, v0x55746d0aae80_0;  1 drivers
v0x55746d0df560_0 .net "z_moore", 0 0, v0x55746d0dedb0_0;  1 drivers
E_0x55746d0807b0 .event posedge, v0x55746d0be470_0;
S_0x55746d0bcbb0 .scope module, "uut_mealy" "seq_mealy" 2 47, 3 86 0, S_0x55746d0bca20;
 .timescale -9 -12;
    .port_info 0 /INPUT 1 "clk";
    .port_info 1 /INPUT 1 "reset";
    .port_info 2 /INPUT 1 "x";
    .port_info 3 /OUTPUT 1 "z";
P_0x55746d0ae1c0 .param/l "A" 0 3 103, C4<00>;
P_0x55746d0ae200 .param/l "B" 0 3 104, C4<01>;
P_0x55746d0ae240 .param/l "C" 0 3 105, C4<11>;
P_0x55746d0ae280 .param/l "D" 0 3 106, C4<10>;
v0x55746d0be470_0 .net "clk", 0 0, v0x55746d0def00_0;  1 drivers
v0x55746d0be030_0 .var "next_state", 1 0;
v0x55746d0bdeb0_0 .net "reset", 0 0, v0x55746d0df290_0;  1 drivers
v0x55746d0bdd30_0 .var "state", 1 0;
v0x55746d0aad80_0 .net "x", 0 0, v0x55746d0df3d0_0;  1 drivers
v0x55746d0aae80_0 .var "z", 0 0;
E_0x55746d0b8b00 .event edge, v0x55746d0bdd30_0, v0x55746d0aad80_0;
E_0x55746d0a39b0 .event posedge, v0x55746d0bdeb0_0, v0x55746d0be470_0;
S_0x55746d0de4b0 .scope module, "uut_moore" "seq_moore" 2 48, 3 197 0, S_0x55746d0bca20;
 .timescale -9 -12;
    .port_info 0 /INPUT 1 "clk";
    .port_info 1 /INPUT 1 "reset";
    .port_info 2 /INPUT 1 "x";
    .port_info 3 /OUTPUT 1 "z";
P_0x55746d0de6b0 .param/l "A" 0 3 211, C4<00001>;
P_0x55746d0de6f0 .param/l "B" 0 3 212, C4<00010>;
P_0x55746d0de730 .param/l "C" 0 3 213, C4<00100>;
P_0x55746d0de770 .param/l "D" 0 3 214, C4<01000>;
P_0x55746d0de7b0 .param/l "E" 0 3 215, C4<10000>;
v0x55746d0a9f50_0 .net "clk", 0 0, v0x55746d0def00_0;  alias, 1 drivers
v0x55746d0dea90_0 .var "next_state", 4 0;
v0x55746d0deb50_0 .net "reset", 0 0, v0x55746d0df290_0;  alias, 1 drivers
v0x55746d0dec20_0 .var "state", 4 0;
v0x55746d0decc0_0 .net "x", 0 0, v0x55746d0df3d0_0;  alias, 1 drivers
v0x55746d0dedb0_0 .var "z", 0 0;
E_0x55746d0aeae0 .event edge, v0x55746d0dec20_0;
E_0x55746d0af280 .event edge, v0x55746d0dec20_0, v0x55746d0aad80_0;
    .scope S_0x55746d0bcbb0;
T_0 ;
    %wait E_0x55746d0a39b0;
    %load/vec4 v0x55746d0bdeb0_0;
    %flag_set/vec4 8;
    %jmp/0xz  T_0.0, 8;
    %pushi/vec4 0, 0, 2;
    %assign/vec4 v0x55746d0bdd30_0, 0;
    %jmp T_0.1;
T_0.0 ;
    %load/vec4 v0x55746d0be030_0;
    %assign/vec4 v0x55746d0bdd30_0, 0;
T_0.1 ;
    %jmp T_0;
    .thread T_0;
    .scope S_0x55746d0bcbb0;
T_1 ;
    %wait E_0x55746d0b8b00;
    %pushi/vec4 3, 3, 2;
    %store/vec4 v0x55746d0be030_0, 0, 2;
    %load/vec4 v0x55746d0bdd30_0;
    %dup/vec4;
    %pushi/vec4 0, 0, 2;
    %cmp/u;
    %jmp/1 T_1.0, 6;
    %dup/vec4;
    %pushi/vec4 1, 0, 2;
    %cmp/u;
    %jmp/1 T_1.1, 6;
    %dup/vec4;
    %pushi/vec4 3, 0, 2;
    %cmp/u;
    %jmp/1 T_1.2, 6;
    %dup/vec4;
    %pushi/vec4 2, 0, 2;
    %cmp/u;
    %jmp/1 T_1.3, 6;
    %jmp T_1.4;
T_1.0 ;
    %load/vec4 v0x55746d0aad80_0;
    %pad/u 32;
    %cmpi/e 0, 0, 32;
    %jmp/0xz  T_1.5, 4;
    %pushi/vec4 0, 0, 2;
    %store/vec4 v0x55746d0be030_0, 0, 2;
    %jmp T_1.6;
T_1.5 ;
    %pushi/vec4 1, 0, 2;
    %store/vec4 v0x55746d0be030_0, 0, 2;
T_1.6 ;
    %jmp T_1.4;
T_1.1 ;
    %load/vec4 v0x55746d0aad80_0;
    %pad/u 32;
    %cmpi/e 0, 0, 32;
    %jmp/0xz  T_1.7, 4;
    %pushi/vec4 3, 0, 2;
    %store/vec4 v0x55746d0be030_0, 0, 2;
    %jmp T_1.8;
T_1.7 ;
    %pushi/vec4 1, 0, 2;
    %store/vec4 v0x55746d0be030_0, 0, 2;
T_1.8 ;
    %jmp T_1.4;
T_1.2 ;
    %load/vec4 v0x55746d0aad80_0;
    %pad/u 32;
    %cmpi/e 0, 0, 32;
    %jmp/0xz  T_1.9, 4;
    %pushi/vec4 2, 0, 2;
    %store/vec4 v0x55746d0be030_0, 0, 2;
    %jmp T_1.10;
T_1.9 ;
    %pushi/vec4 1, 0, 2;
    %store/vec4 v0x55746d0be030_0, 0, 2;
T_1.10 ;
    %jmp T_1.4;
T_1.3 ;
    %load/vec4 v0x55746d0aad80_0;
    %pad/u 32;
    %cmpi/e 0, 0, 32;
    %jmp/0xz  T_1.11, 4;
    %pushi/vec4 0, 0, 2;
    %store/vec4 v0x55746d0be030_0, 0, 2;
    %jmp T_1.12;
T_1.11 ;
    %pushi/vec4 1, 0, 2;
    %store/vec4 v0x55746d0be030_0, 0, 2;
T_1.12 ;
    %jmp T_1.4;
T_1.4 ;
    %pop/vec4 1;
    %jmp T_1;
    .thread T_1, $push;
    .scope S_0x55746d0bcbb0;
T_2 ;
    %wait E_0x55746d0b8b00;
    %load/vec4 v0x55746d0bdd30_0;
    %pushi/vec4 2, 0, 2;
    %cmp/e;
    %flag_get/vec4 4;
    %load/vec4 v0x55746d0aad80_0;
    %pad/u 32;
    %pushi/vec4 1, 0, 32;
    %cmp/e;
    %flag_get/vec4 4;
    %and;
    %flag_set/vec4 8;
    %jmp/0xz  T_2.0, 8;
    %pushi/vec4 1, 0, 1;
    %store/vec4 v0x55746d0aae80_0, 0, 1;
    %jmp T_2.1;
T_2.0 ;
    %pushi/vec4 0, 0, 1;
    %store/vec4 v0x55746d0aae80_0, 0, 1;
T_2.1 ;
    %jmp T_2;
    .thread T_2, $push;
    .scope S_0x55746d0de4b0;
T_3 ;
    %wait E_0x55746d0a39b0;
    %load/vec4 v0x55746d0deb50_0;
    %flag_set/vec4 8;
    %jmp/0xz  T_3.0, 8;
    %pushi/vec4 1, 0, 5;
    %assign/vec4 v0x55746d0dec20_0, 0;
    %jmp T_3.1;
T_3.0 ;
    %load/vec4 v0x55746d0dea90_0;
    %assign/vec4 v0x55746d0dec20_0, 0;
T_3.1 ;
    %jmp T_3;
    .thread T_3;
    .scope S_0x55746d0de4b0;
T_4 ;
    %wait E_0x55746d0af280;
    %pushi/vec4 3, 3, 5;
    %store/vec4 v0x55746d0dea90_0, 0, 5;
    %load/vec4 v0x55746d0dec20_0;
    %dup/vec4;
    %pushi/vec4 1, 0, 5;
    %cmp/u;
    %jmp/1 T_4.0, 6;
    %dup/vec4;
    %pushi/vec4 2, 0, 5;
    %cmp/u;
    %jmp/1 T_4.1, 6;
    %dup/vec4;
    %pushi/vec4 4, 0, 5;
    %cmp/u;
    %jmp/1 T_4.2, 6;
    %dup/vec4;
    %pushi/vec4 8, 0, 5;
    %cmp/u;
    %jmp/1 T_4.3, 6;
    %dup/vec4;
    %pushi/vec4 16, 0, 5;
    %cmp/u;
    %jmp/1 T_4.4, 6;
    %jmp T_4.5;
T_4.0 ;
    %load/vec4 v0x55746d0decc0_0;
    %pad/u 32;
    %cmpi/e 0, 0, 32;
    %jmp/0xz  T_4.6, 4;
    %pushi/vec4 1, 0, 5;
    %store/vec4 v0x55746d0dea90_0, 0, 5;
    %jmp T_4.7;
T_4.6 ;
    %pushi/vec4 2, 0, 5;
    %store/vec4 v0x55746d0dea90_0, 0, 5;
T_4.7 ;
    %jmp T_4.5;
T_4.1 ;
    %load/vec4 v0x55746d0decc0_0;
    %pad/u 32;
    %cmpi/e 0, 0, 32;
    %jmp/0xz  T_4.8, 4;
    %pushi/vec4 4, 0, 5;
    %store/vec4 v0x55746d0dea90_0, 0, 5;
    %jmp T_4.9;
T_4.8 ;
    %pushi/vec4 2, 0, 5;
    %store/vec4 v0x55746d0dea90_0, 0, 5;
T_4.9 ;
    %jmp T_4.5;
T_4.2 ;
    %load/vec4 v0x55746d0decc0_0;
    %pad/u 32;
    %cmpi/e 0, 0, 32;
    %jmp/0xz  T_4.10, 4;
    %pushi/vec4 8, 0, 5;
    %store/vec4 v0x55746d0dea90_0, 0, 5;
    %jmp T_4.11;
T_4.10 ;
    %pushi/vec4 2, 0, 5;
    %store/vec4 v0x55746d0dea90_0, 0, 5;
T_4.11 ;
    %jmp T_4.5;
T_4.3 ;
    %load/vec4 v0x55746d0decc0_0;
    %pad/u 32;
    %cmpi/e 0, 0, 32;
    %jmp/0xz  T_4.12, 4;
    %pushi/vec4 1, 0, 5;
    %store/vec4 v0x55746d0dea90_0, 0, 5;
    %jmp T_4.13;
T_4.12 ;
    %pushi/vec4 16, 0, 5;
    %store/vec4 v0x55746d0dea90_0, 0, 5;
T_4.13 ;
    %jmp T_4.5;
T_4.4 ;
    %load/vec4 v0x55746d0decc0_0;
    %pad/u 32;
    %cmpi/e 0, 0, 32;
    %jmp/0xz  T_4.14, 4;
    %pushi/vec4 4, 0, 5;
    %store/vec4 v0x55746d0dea90_0, 0, 5;
    %jmp T_4.15;
T_4.14 ;
    %pushi/vec4 2, 0, 5;
    %store/vec4 v0x55746d0dea90_0, 0, 5;
T_4.15 ;
    %jmp T_4.5;
T_4.5 ;
    %pop/vec4 1;
    %jmp T_4;
    .thread T_4, $push;
    .scope S_0x55746d0de4b0;
T_5 ;
    %wait E_0x55746d0aeae0;
    %load/vec4 v0x55746d0dec20_0;
    %cmpi/e 16, 0, 5;
    %jmp/0xz  T_5.0, 4;
    %pushi/vec4 1, 0, 1;
    %store/vec4 v0x55746d0dedb0_0, 0, 1;
    %jmp T_5.1;
T_5.0 ;
    %pushi/vec4 0, 0, 1;
    %store/vec4 v0x55746d0dedb0_0, 0, 1;
T_5.1 ;
    %jmp T_5;
    .thread T_5, $push;
    .scope S_0x55746d0bca20;
T_6 ;
    %pushi/vec4 1, 0, 1;
    %store/vec4 v0x55746d0def00_0, 0, 1;
    %pushi/vec4 0, 0, 1;
    %store/vec4 v0x55746d0df290_0, 0, 1;
    %pushi/vec4 0, 0, 1;
    %store/vec4 v0x55746d0df3d0_0, 0, 1;
    %pushi/vec4 655266387, 0, 32;
    %store/vec4 v0x55746d0df0f0_0, 0, 32;
    %pushi/vec4 32, 0, 32;
    %store/vec4 v0x55746d0df1b0_0, 0, 32;
    %pushi/vec4 0, 0, 32;
    %store/vec4 v0x55746d0df010_0, 0, 32;
    %end;
    .thread T_6;
    .scope S_0x55746d0bca20;
T_7 ;
    %vpi_call 2 52 "$dumpfile", "sequence_tb.vcd" {0 0 0};
    %vpi_call 2 53 "$dumpvars", 32'sb00000000000000000000000000000000, S_0x55746d0bca20 {0 0 0};
    %end;
    .thread T_7;
    .scope S_0x55746d0bca20;
T_8 ;
    %delay 10000, 0;
    %load/vec4 v0x55746d0def00_0;
    %inv;
    %store/vec4 v0x55746d0def00_0, 0, 1;
    %jmp T_8;
    .thread T_8;
    .scope S_0x55746d0bca20;
T_9 ;
    %wait E_0x55746d0807b0;
    %delay 1000, 0;
    %load/vec4 v0x55746d0df0f0_0;
    %pushi/vec4 31, 0, 34;
    %load/vec4 v0x55746d0df010_0;
    %pad/s 34;
    %sub;
    %part/s 1;
    %store/vec4 v0x55746d0df3d0_0, 0, 1;
    %load/vec4 v0x55746d0df010_0;
    %addi 1, 0, 32;
    %store/vec4 v0x55746d0df010_0, 0, 32;
    %load/vec4 v0x55746d0df010_0;
    %load/vec4 v0x55746d0df1b0_0;
    %cmp/e;
    %jmp/0xz  T_9.0, 4;
    %vpi_call 2 70 "$finish" {0 0 0};
T_9.0 ;
    %jmp T_9;
    .thread T_9;
    .scope S_0x55746d0bca20;
T_10 ;
    %delay 5000, 0;
    %pushi/vec4 1, 0, 1;
    %store/vec4 v0x55746d0df290_0, 0, 1;
    %delay 15000, 0;
    %pushi/vec4 0, 0, 1;
    %store/vec4 v0x55746d0df290_0, 0, 1;
    %delay 450000, 0;
    %pushi/vec4 1, 0, 1;
    %store/vec4 v0x55746d0df290_0, 0, 1;
    %delay 20000, 0;
    %pushi/vec4 0, 0, 1;
    %store/vec4 v0x55746d0df290_0, 0, 1;
    %end;
    .thread T_10;
# The file index is used to find the file name in the following table.
:file_names 4;
    "N/A";
    "<interactive>";
    "sequence_tb.v";
    "./sequence.v";
